<?xml version="1.0" encoding="UTF-8"?>
<!-- Generated by org.testng.reporters.JUnitXMLReporter -->
<testsuite ignored="0" hostname="DESKTOP-4IECGH5" failures="0" tests="3" name="Default test" time="65.58" errors="0" timestamp="2023-01-23T13:30:07 IST">
  <testcase classname="Testng.dependancy" name="browserlaunch" time="63.309"/>
  <testcase classname="Testng.dependancy" name="sendkeys" time="1.755"/>
  <testcase classname="Testng.dependancy" name="clicklogin" time="0.312"/>
</testsuite> <!-- Default test -->
